Log file open, 04/19/24 23:46:13
LogWindows: Failed to load 'aqProf.dll' (GetLastError=126)
LogWindows: File 'aqProf.dll' does not exist
LogWindows: Failed to load 'VtuneApi.dll' (GetLastError=126)
LogWindows: File 'VtuneApi.dll' does not exist
LogWindows: Failed to load 'VtuneApi32e.dll' (GetLastError=126)
LogWindows: File 'VtuneApi32e.dll' does not exist
LogConsoleResponse: Display: Failed to find resolution value strings in scalability ini. Falling back to default.
LogInit: Display: Running engine for game: UnrealStickFigure2D
LogPlatformFile: Not using cached read wrapper
LogTaskGraph: Started task graph with 5 named threads and 11 total threads with 3 sets of task threads.
LogStats: Stats thread started at 0.161901
LogD3D11RHI: Loaded GFSDK_Aftermath_Lib.x64.dll
LogICUInternationalization: ICU TimeZone Detection - Raw Offset: +0:00, Platform Override: ''
LogPluginManager: Mounting plugin Paper2D
LogPluginManager: Mounting plugin AISupport
LogPluginManager: Mounting plugin LightPropagationVolume
LogPluginManager: Mounting plugin ActorLayerUtilities
LogPluginManager: Mounting plugin AnimationSharing
LogPluginManager: Mounting plugin CLionSourceCodeAccess
LogPluginManager: Mounting plugin CodeLiteSourceCodeAccess
LogPluginManager: Mounting plugin GitSourceControl
LogPluginManager: Mounting plugin KDevelopSourceCodeAccess
LogPluginManager: Mounting plugin NullSourceCodeAccess
LogPluginManager: Mounting plugin PerforceSourceControl
LogPluginManager: Mounting plugin SubversionSourceControl
LogPluginManager: Mounting plugin UObjectPlugin
LogPluginManager: Mounting plugin VisualStudioCodeSourceCodeAccess
LogPluginManager: Mounting plugin VisualStudioSourceCodeAccess
LogPluginManager: Mounting plugin XCodeSourceCodeAccess
LogPluginManager: Mounting plugin AssetManagerEditor
LogPluginManager: Mounting plugin CryptoKeys
LogPluginManager: Mounting plugin CurveEditorTools
LogPluginManager: Mounting plugin DataValidation
LogPluginManager: Mounting plugin FacialAnimation
LogPluginManager: Mounting plugin GameplayTagsEditor
LogPluginManager: Mounting plugin MacGraphicsSwitching
LogPluginManager: Mounting plugin MaterialAnalyzer
LogPluginManager: Mounting plugin MobileLauncherProfileWizard
LogPluginManager: Mounting plugin PluginBrowser
LogPluginManager: Mounting plugin SpeedTreeImporter
LogPluginManager: Mounting plugin DatasmithContent
LogPluginManager: Mounting plugin VariantManagerContent
LogPluginManager: Mounting plugin AlembicImporter
LogPluginManager: Mounting plugin AutomationUtils
LogPluginManager: Mounting plugin BackChannel
LogPluginManager: Mounting plugin CharacterAI
LogPluginManager: Mounting plugin GeometryCache
LogPluginManager: Mounting plugin HTML5Networking
LogPluginManager: Mounting plugin PlatformCrypto
LogPluginManager: Mounting plugin ProxyLODPlugin
LogPluginManager: Mounting plugin SkeletalReduction
LogPluginManager: Mounting plugin MagicLeap
LogPluginManager: Mounting plugin MagicLeapMedia
LogPluginManager: Mounting plugin AndroidMedia
LogPluginManager: Mounting plugin AvfMedia
LogPluginManager: Mounting plugin ImgMedia
LogPluginManager: Mounting plugin MediaCompositing
LogPluginManager: Mounting plugin MediaPlayerEditor
LogPluginManager: Mounting plugin WebMMedia
LogPluginManager: Mounting plugin WmfMedia
LogPluginManager: Mounting plugin TcpMessaging
LogPluginManager: Mounting plugin UdpMessaging
LogPluginManager: Mounting plugin ActorSequence
LogPluginManager: Mounting plugin LevelSequenceEditor
LogPluginManager: Mounting plugin MatineeToLevelSequence
LogPluginManager: Mounting plugin NetcodeUnitTest
LogPluginManager: Mounting plugin NUTUnrealEngine4
LogPluginManager: Mounting plugin OnlineSubsystemGooglePlay
LogPluginManager: Mounting plugin OnlineSubsystemIOS
LogPluginManager: Mounting plugin OnlineSubsystem
LogPluginManager: Mounting plugin OnlineSubsystemNull
LogPluginManager: Mounting plugin OnlineSubsystemUtils
LogPluginManager: Mounting plugin LauncherChunkInstaller
LogPluginManager: Mounting plugin AndroidDeviceProfileSelector
LogPluginManager: Mounting plugin AndroidMoviePlayer
LogPluginManager: Mounting plugin AndroidPermission
LogPluginManager: Mounting plugin AppleImageUtils
LogPluginManager: Mounting plugin AppleMoviePlayer
LogPluginManager: Mounting plugin ArchVisCharacter
LogPluginManager: Mounting plugin AudioCapture
LogPluginManager: Mounting plugin CableComponent
LogPluginManager: Mounting plugin CustomMeshComponent
LogPluginManager: Mounting plugin EditableMesh
LogPluginManager: Mounting plugin ExampleDeviceProfileSelector
LogPluginManager: Mounting plugin GoogleCloudMessaging
LogPluginManager: Mounting plugin IOSDeviceProfileSelector
LogPluginManager: Mounting plugin LinuxDeviceProfileSelector
LogPluginManager: Mounting plugin LocationServicesBPLibrary
LogPluginManager: Mounting plugin MobilePatchingUtils
LogPluginManager: Mounting plugin OculusVR
LogPluginManager: Mounting plugin PhysXVehicles
LogPluginManager: Mounting plugin ProceduralMeshComponent
LogPluginManager: Mounting plugin RuntimePhysXCooking
LogPluginManager: Mounting plugin SignificanceManager
LogPluginManager: Mounting plugin SteamVR
LogPluginManager: Mounting plugin WebMMoviePlayer
LogPluginManager: Mounting plugin WindowsMoviePlayer
LogPluginManager: Mounting plugin ScreenshotTools
LogInit: Using libcurl 7.55.1-DEV
LogInit:  - built for x86_64-pc-win32
LogInit:  - supports SSL with OpenSSL/1.1.1
LogInit:  - supports HTTP deflate (compression) using libz 1.2.8
LogInit:  - other features:
LogInit:      CURL_VERSION_SSL
LogInit:      CURL_VERSION_LIBZ
LogInit:      CURL_VERSION_IPV6
LogInit:      CURL_VERSION_ASYNCHDNS
LogInit:      CURL_VERSION_LARGEFILE
LogInit:      CURL_VERSION_IDN
LogInit:  CurlRequestOptions (configurable via config and command line):
LogInit:  - bVerifyPeer = true  - Libcurl will verify peer certificate
LogInit:  - bUseHttpProxy = false  - Libcurl will NOT use HTTP proxy
LogInit:  - bDontReuseConnections = false  - Libcurl will reuse connections
LogInit:  - MaxHostConnections = 16  - Libcurl will limit the number of connections to a host
LogInit:  - LocalHostAddr = Default
LogInit:  - BufferSize = 65536
LogOnline: OSS: Creating online subsystem instance for: NULL
LogInit: WinSock: version 1.1 (2.2), MaxSocks=32767, MaxUdp=65467
LogInit: Build: ++UE4+Release-4.23-CL-9631420
LogInit: Engine Version: 4.23.1-9631420+++UE4+Release-4.23
LogInit: Compatible Engine Version: 4.23.0-8386587+++UE4+Release-4.23
LogInit: Net CL: 8386587
LogInit: OS: Windows 10 (Release 2009) (), CPU: Intel(R) Core(TM) i5-6200U CPU @ 2.30GHz, GPU: Intel(R) HD Graphics 520
LogInit: Compiled (64-bit): Oct 18 2019 02:07:44
LogInit: Compiled with Visual C++: 19.16.27030.01
LogInit: Build Configuration: Development
LogInit: Branch Name: ++UE4+Release-4.23
LogInit: Command Line:  -AUTH_LOGIN=unused -AUTH_PASSWORD=e0d588a2712345e384048068278dd90c -AUTH_TYPE=exchangecode -epicapp=UE_4.23 -epicenv=Prod -EpicPortal -epicusername=Brunobrunobrunob -epicuserid=751f9d83e1a9439bbbee9943c9526167 -epiclocale=en -epicsandboxid=ue
LogInit: Base Directory: C:/Program Files/Epic Games/UE_4.23/Engine/Binaries/Win64/
LogInit: Installed Engine Build: 1
LogDevObjectVersion: Number of dev versions registered: 23
LogDevObjectVersion:   Dev-Blueprints (B0D832E4-1F89-4F0D-ACCF-7EB736FD4AA2): 10
LogDevObjectVersion:   Dev-Build (E1C64328-A22C-4D53-A36C-8E866417BD8C): 0
LogDevObjectVersion:   Dev-Core (375EC13C-06E4-48FB-B500-84F0262A717E): 3
LogDevObjectVersion:   Dev-Editor (E4B068ED-F494-42E9-A231-DA0B2E46BB41): 34
LogDevObjectVersion:   Dev-Framework (CFFC743F-43B0-4480-9391-14DF171D2073): 35
LogDevObjectVersion:   Dev-Mobile (B02B49B5-BB20-44E9-A304-32B752E40360): 2
LogDevObjectVersion:   Dev-Networking (A4E4105C-59A1-49B5-A7C5-40C4547EDFEE): 0
LogDevObjectVersion:   Dev-Online (39C831C9-5AE6-47DC-9A44-9C173E1C8E7C): 0
LogDevObjectVersion:   Dev-Physics (78F01B33-EBEA-4F98-B9B4-84EACCB95AA2): 0
LogDevObjectVersion:   Dev-Platform (6631380F-2D4D-43E0-8009-CF276956A95A): 0
LogDevObjectVersion:   Dev-Rendering (12F88B9F-8875-4AFC-A67C-D90C383ABD29): 31
LogDevObjectVersion:   Dev-Sequencer (7B5AE74C-D270-4C10-A958-57980B212A5A): 11
LogDevObjectVersion:   Dev-VR (D7296918-1DD6-4BDD-9DE2-64A83CC13884): 2
LogDevObjectVersion:   Dev-LoadTimes (C2A15278-BFE7-4AFE-6C17-90FF531DF755): 1
LogDevObjectVersion:   Private-Geometry (6EACA3D4-40EC-4CC1-B786-8BED09428FC5): 3
LogDevObjectVersion:   Dev-AnimPhys (29E575DD-E0A3-4627-9D10-D276232CDCEA): 17
LogDevObjectVersion:   Dev-Anim (AF43A65D-7FD3-4947-9873-3E8ED9C1BB05): 2
LogDevObjectVersion:   Dev-ReflectionCapture (6B266CEC-1EC7-4B8F-A30B-E4D90942FC07): 1
LogDevObjectVersion:   Dev-Automation (0DF73D61-A23F-47EA-B727-89E90C41499A): 1
LogDevObjectVersion:   FortniteMain (601D1886-AC64-4F84-AA16-D3DE0DEAC7D6): 27
LogDevObjectVersion:   Dev-Enterprise (9DFFBCD6-494F-0158-E221-12823C92A888): 6
LogDevObjectVersion:   Dev-Niagara (F2AED0AC-9AFE-416F-8664-AA7FFA26D6FC): 1
LogDevObjectVersion:   Dev-Destruction (174F1F0B-B4C6-45A5-B13F-2EE8D0FB917D): 9
LogInit: Presizing for max 16777216 objects, including 0 objects not considered by GC, pre-allocating 0 bytes for permanent pool.
LogInit: Object subsystem initialized
LogConfig: Setting CVar [[con.DebugEarlyDefault:1]]
LogConfig: Setting CVar [[r.setres:1280x720]]
[2024.04.19-22.46.14:005][  0]LogConfig: Setting CVar [[r.VSync:0]]
[2024.04.19-22.46.14:005][  0]LogConfig: Setting CVar [[r.RHICmdBypass:0]]
[2024.04.19-22.46.14:005][  0]LogConfig: Applying CVar settings from Section [/Script/Engine.RendererSettings] File [C:/Users/bruno/OneDrive/Documents/Unreal Projects/UnrealStickFigure2D/Saved/Config/Windows/Engine.ini]
[2024.04.19-22.46.14:005][  0]LogConfig: Setting CVar [[r.GPUCrashDebugging:0]]
[2024.04.19-22.46.14:005][  0]LogConfig: Setting CVar [[r.MobileHDR:0]]
[2024.04.19-22.46.14:005][  0]LogConfig: Applying CVar settings from Section [/Script/Engine.RendererOverrideSettings] File [C:/Users/bruno/OneDrive/Documents/Unreal Projects/UnrealStickFigure2D/Saved/Config/Windows/Engine.ini]
[2024.04.19-22.46.14:005][  0]LogConfig: Applying CVar settings from Section [/Script/Engine.StreamingSettings] File [C:/Users/bruno/OneDrive/Documents/Unreal Projects/UnrealStickFigure2D/Saved/Config/Windows/Engine.ini]
[2024.04.19-22.46.14:005][  0]LogConfig: Setting CVar [[s.MinBulkDataSizeForAsyncLoading:131072]]
[2024.04.19-22.46.14:005][  0]LogConfig: Setting CVar [[s.AsyncLoadingThreadEnabled:0]]
[2024.04.19-22.46.14:005][  0]LogConfig: Setting CVar [[s.EventDrivenLoaderEnabled:1]]
[2024.04.19-22.46.14:005][  0]LogConfig: Setting CVar [[s.WarnIfTimeLimitExceeded:0]]
[2024.04.19-22.46.14:005][  0]LogConfig: Setting CVar [[s.TimeLimitExceededMultiplier:1.5]]
[2024.04.19-22.46.14:005][  0]LogConfig: Setting CVar [[s.TimeLimitExceededMinTime:0.005]]
[2024.04.19-22.46.14:005][  0]LogConfig: Setting CVar [[s.UseBackgroundLevelStreaming:1]]
[2024.04.19-22.46.14:005][  0]LogConfig: Setting CVar [[s.PriorityAsyncLoadingExtraTime:15.0]]
[2024.04.19-22.46.14:005][  0]LogConfig: Setting CVar [[s.LevelStreamingActorsUpdateTimeLimit:5.0]]
[2024.04.19-22.46.14:005][  0]LogConfig: Setting CVar [[s.PriorityLevelStreamingActorsUpdateExtraTime:5.0]]
[2024.04.19-22.46.14:005][  0]LogConfig: Setting CVar [[s.LevelStreamingComponentsRegistrationGranularity:10]]
[2024.04.19-22.46.14:005][  0]LogConfig: Setting CVar [[s.UnregisterComponentsTimeLimit:1.0]]
[2024.04.19-22.46.14:005][  0]LogConfig: Setting CVar [[s.LevelStreamingComponentsUnregistrationGranularity:5]]
[2024.04.19-22.46.14:005][  0]LogConfig: Applying CVar settings from Section [/Script/Engine.GarbageCollectionSettings] File [C:/Users/bruno/OneDrive/Documents/Unreal Projects/UnrealStickFigure2D/Saved/Config/Windows/Engine.ini]
[2024.04.19-22.46.14:005][  0]LogConfig: Setting CVar [[gc.MaxObjectsNotConsideredByGC:1]]
[2024.04.19-22.46.14:005][  0]LogConfig: Setting CVar [[gc.SizeOfPermanentObjectPool:0]]
[2024.04.19-22.46.14:005][  0]LogConfig: Setting CVar [[gc.FlushStreamingOnGC:0]]
[2024.04.19-22.46.14:005][  0]LogConfig: Setting CVar [[gc.NumRetriesBeforeForcingGC:10]]
[2024.04.19-22.46.14:005][  0]LogConfig: Setting CVar [[gc.AllowParallelGC:1]]
[2024.04.19-22.46.14:005][  0]LogConfig: Setting CVar [[gc.TimeBetweenPurgingPendingKillObjects:61.1]]
[2024.04.19-22.46.14:005][  0]LogConfig: Setting CVar [[gc.MaxObjectsInEditor:16777216]]
[2024.04.19-22.46.14:005][  0]LogConfig: Setting CVar [[gc.IncrementalBeginDestroyEnabled:1]]
[2024.04.19-22.46.14:005][  0]LogConfig: Setting CVar [[gc.CreateGCClusters:1]]
[2024.04.19-22.46.14:005][  0]LogConfig: Setting CVar [[gc.MinGCClusterSize:5]]
[2024.04.19-22.46.14:005][  0]LogConfig: Setting CVar [[gc.ActorClusteringEnabled:0]]
[2024.04.19-22.46.14:005][  0]LogConfig: Setting CVar [[gc.BlueprintClusteringEnabled:0]]
[2024.04.19-22.46.14:005][  0]LogConfig: Setting CVar [[gc.UseDisregardForGCOnDedicatedServers:0]]
[2024.04.19-22.46.14:005][  0]LogConfig: Applying CVar settings from Section [/Script/Engine.NetworkSettings] File [C:/Users/bruno/OneDrive/Documents/Unreal Projects/UnrealStickFigure2D/Saved/Config/Windows/Engine.ini]
[2024.04.19-22.46.14:005][  0]LogConfig: Applying CVar settings from Section [/Script/UnrealEd.CookerSettings] File [C:/Users/bruno/OneDrive/Documents/Unreal Projects/UnrealStickFigure2D/Saved/Config/Windows/Engine.ini]
[2024.04.19-22.46.14:012][  0]LogConfig: Applying CVar settings from Section [ViewDistanceQuality@3] File [C:/Users/bruno/OneDrive/Documents/Unreal Projects/UnrealStickFigure2D/Saved/Config/Windows/Scalability.ini]
[2024.04.19-22.46.14:012][  0]LogConfig: Setting CVar [[r.SkeletalMeshLODBias:0]]
[2024.04.19-22.46.14:012][  0]LogConfig: Setting CVar [[r.ViewDistanceScale:1.0]]
[2024.04.19-22.46.14:012][  0]LogConfig: Applying CVar settings from Section [AntiAliasingQuality@3] File [C:/Users/bruno/OneDrive/Documents/Unreal Projects/UnrealStickFigure2D/Saved/Config/Windows/Scalability.ini]
[2024.04.19-22.46.14:013][  0]LogConfig: Setting CVar [[r.PostProcessAAQuality:4]]
[2024.04.19-22.46.14:013][  0]LogConfig: Applying CVar settings from Section [ShadowQuality@3] File [C:/Users/bruno/OneDrive/Documents/Unreal Projects/UnrealStickFigure2D/Saved/Config/Windows/Scalability.ini]
[2024.04.19-22.46.14:013][  0]LogConfig: Setting CVar [[r.LightFunctionQuality:1]]
[2024.04.19-22.46.14:013][  0]LogConfig: Setting CVar [[r.ShadowQuality:5]]
[2024.04.19-22.46.14:013][  0]LogConfig: Setting CVar [[r.Shadow.CSM.MaxCascades:10]]
[2024.04.19-22.46.14:013][  0]LogConfig: Setting CVar [[r.Shadow.MaxResolution:2048]]
[2024.04.19-22.46.14:013][  0]LogConfig: Setting CVar [[r.Shadow.MaxCSMResolution:2048]]
[2024.04.19-22.46.14:013][  0]LogConfig: Setting CVar [[r.Shadow.RadiusThreshold:0.01]]
[2024.04.19-22.46.14:013][  0]LogConfig: Setting CVar [[r.Shadow.DistanceScale:1.0]]
[2024.04.19-22.46.14:013][  0]LogConfig: Setting CVar [[r.Shadow.CSM.TransitionScale:1.0]]
[2024.04.19-22.46.14:013][  0]LogConfig: Setting CVar [[r.Shadow.PreShadowResolutionFactor:1.0]]
[2024.04.19-22.46.14:013][  0]LogConfig: Setting CVar [[r.DistanceFieldShadowing:1]]
[2024.04.19-22.46.14:013][  0]LogConfig: Setting CVar [[r.DistanceFieldAO:1]]
[2024.04.19-22.46.14:013][  0]LogConfig: Setting CVar [[r.AOQuality:2]]
[2024.04.19-22.46.14:013][  0]LogConfig: Setting CVar [[r.VolumetricFog:1]]
[2024.04.19-22.46.14:013][  0]LogConfig: Setting CVar [[r.VolumetricFog.GridPixelSize:8]]
[2024.04.19-22.46.14:013][  0]LogConfig: Setting CVar [[r.VolumetricFog.GridSizeZ:128]]
[2024.04.19-22.46.14:013][  0]LogConfig: Setting CVar [[r.VolumetricFog.HistoryMissSupersampleCount:4]]
[2024.04.19-22.46.14:013][  0]LogConfig: Setting CVar [[r.LightMaxDrawDistanceScale:1]]
[2024.04.19-22.46.14:013][  0]LogConfig: Setting CVar [[r.CapsuleShadows:1]]
[2024.04.19-22.46.14:013][  0]LogConfig: Applying CVar settings from Section [PostProcessQuality@3] File [C:/Users/bruno/OneDrive/Documents/Unreal Projects/UnrealStickFigure2D/Saved/Config/Windows/Scalability.ini]
[2024.04.19-22.46.14:013][  0]LogConfig: Setting CVar [[r.MotionBlurQuality:4]]
[2024.04.19-22.46.14:013][  0]LogConfig: Setting CVar [[r.AmbientOcclusionMipLevelFactor:0.4]]
[2024.04.19-22.46.14:013][  0]LogConfig: Setting CVar [[r.AmbientOcclusionMaxQuality:100]]
[2024.04.19-22.46.14:013][  0]LogConfig: Setting CVar [[r.AmbientOcclusionLevels:-1]]
[2024.04.19-22.46.14:013][  0]LogConfig: Setting CVar [[r.AmbientOcclusionRadiusScale:1.0]]
[2024.04.19-22.46.14:013][  0]LogConfig: Setting CVar [[r.DepthOfFieldQuality:2]]
[2024.04.19-22.46.14:013][  0]LogConfig: Setting CVar [[r.RenderTargetPoolMin:400]]
[2024.04.19-22.46.14:013][  0]LogConfig: Setting CVar [[r.LensFlareQuality:2]]
[2024.04.19-22.46.14:013][  0]LogConfig: Setting CVar [[r.SceneColorFringeQuality:1]]
[2024.04.19-22.46.14:013][  0]LogConfig: Setting CVar [[r.EyeAdaptationQuality:2]]
[2024.04.19-22.46.14:013][  0]LogConfig: Setting CVar [[r.BloomQuality:5]]
[2024.04.19-22.46.14:013][  0]LogConfig: Setting CVar [[r.FastBlurThreshold:100]]
[2024.04.19-22.46.14:013][  0]LogConfig: Setting CVar [[r.Upscale.Quality:3]]
[2024.04.19-22.46.14:013][  0]LogConfig: Setting CVar [[r.Tonemapper.GrainQuantization:1]]
[2024.04.19-22.46.14:013][  0]LogConfig: Setting CVar [[r.LightShaftQuality:1]]
[2024.04.19-22.46.14:013][  0]LogConfig: Setting CVar [[r.Filter.SizeScale:1]]
[2024.04.19-22.46.14:013][  0]LogConfig: Setting CVar [[r.Tonemapper.Quality:5]]
[2024.04.19-22.46.14:013][  0]LogConfig: Setting CVar [[r.DOF.Gather.AccumulatorQuality:1        ; higher gathering accumulator quality]]
[2024.04.19-22.46.14:013][  0]LogConfig: Setting CVar [[r.DOF.Gather.PostfilterMethod:1          ; Median3x3 postfilering method]]
[2024.04.19-22.46.14:013][  0]LogConfig: Setting CVar [[r.DOF.Gather.EnableBokehSettings:0       ; no bokeh simulation when gathering]]
[2024.04.19-22.46.14:013][  0]LogConfig: Setting CVar [[r.DOF.Gather.RingCount:4                 ; medium number of samples when gathering]]
[2024.04.19-22.46.14:013][  0]LogConfig: Setting CVar [[r.DOF.Scatter.ForegroundCompositing:1    ; additive foreground scattering]]
[2024.04.19-22.46.14:013][  0]LogConfig: Setting CVar [[r.DOF.Scatter.BackgroundCompositing:2    ; additive background scattering]]
[2024.04.19-22.46.14:013][  0]LogConfig: Setting CVar [[r.DOF.Scatter.EnableBokehSettings:1      ; bokeh simulation when scattering]]
[2024.04.19-22.46.14:013][  0]LogConfig: Setting CVar [[r.DOF.Scatter.MaxSpriteRatio:0.1         ; only a maximum of 10% of scattered bokeh]]
[2024.04.19-22.46.14:013][  0]LogConfig: Setting CVar [[r.DOF.Recombine.Quality:1                ; cheap slight out of focus]]
[2024.04.19-22.46.14:013][  0]LogConfig: Setting CVar [[r.DOF.Recombine.EnableBokehSettings:0    ; no bokeh simulation on slight out of focus]]
[2024.04.19-22.46.14:013][  0]LogConfig: Setting CVar [[r.DOF.TemporalAAQuality:1                ; more stable temporal accumulation]]
[2024.04.19-22.46.14:013][  0]LogConfig: Setting CVar [[r.DOF.Kernel.MaxForegroundRadius:0.025]]
[2024.04.19-22.46.14:013][  0]LogConfig: Setting CVar [[r.DOF.Kernel.MaxBackgroundRadius:0.025]]
[2024.04.19-22.46.14:013][  0]LogConfig: Applying CVar settings from Section [TextureQuality@3] File [C:/Users/bruno/OneDrive/Documents/Unreal Projects/UnrealStickFigure2D/Saved/Config/Windows/Scalability.ini]
[2024.04.19-22.46.14:013][  0]LogConfig: Setting CVar [[r.Streaming.MipBias:0]]
[2024.04.19-22.46.14:013][  0]LogConfig: Setting CVar [[r.Streaming.AmortizeCPUToGPUCopy:0]]
[2024.04.19-22.46.14:013][  0]LogConfig: Setting CVar [[r.Streaming.MaxNumTexturesToStreamPerFrame:0]]
[2024.04.19-22.46.14:013][  0]LogConfig: Setting CVar [[r.Streaming.Boost:1]]
[2024.04.19-22.46.14:013][  0]LogConfig: Setting CVar [[r.MaxAnisotropy:8]]
[2024.04.19-22.46.14:013][  0]LogConfig: Setting CVar [[r.Streaming.LimitPoolSizeToVRAM:0]]
[2024.04.19-22.46.14:013][  0]LogConfig: Setting CVar [[r.Streaming.PoolSize:1000]]
[2024.04.19-22.46.14:013][  0]LogConfig: Setting CVar [[r.Streaming.MaxEffectiveScreenSize:0]]
[2024.04.19-22.46.14:013][  0]LogConfig: Applying CVar settings from Section [EffectsQuality@3] File [C:/Users/bruno/OneDrive/Documents/Unreal Projects/UnrealStickFigure2D/Saved/Config/Windows/Scalability.ini]
[2024.04.19-22.46.14:013][  0]LogConfig: Setting CVar [[r.TranslucencyLightingVolumeDim:64]]
[2024.04.19-22.46.14:013][  0]LogConfig: Setting CVar [[r.RefractionQuality:2]]
[2024.04.19-22.46.14:013][  0]LogConfig: Setting CVar [[r.SSR.Quality:3]]
[2024.04.19-22.46.14:013][  0]LogConfig: Setting CVar [[r.SceneColorFormat:4]]
[2024.04.19-22.46.14:013][  0]LogConfig: Setting CVar [[r.DetailMode:2]]
[2024.04.19-22.46.14:013][  0]LogConfig: Setting CVar [[r.TranslucencyVolumeBlur:1]]
[2024.04.19-22.46.14:013][  0]LogConfig: Setting CVar [[r.MaterialQualityLevel:1 ; High quality]]
[2024.04.19-22.46.14:013][  0]LogConfig: Setting CVar [[r.SSS.Scale:1]]
[2024.04.19-22.46.14:013][  0]LogConfig: Setting CVar [[r.SSS.SampleSet:2]]
[2024.04.19-22.46.14:013][  0]LogConfig: Setting CVar [[r.SSS.Quality:1]]
[2024.04.19-22.46.14:013][  0]LogConfig: Setting CVar [[r.SSS.HalfRes:1]]
[2024.04.19-22.46.14:013][  0]LogConfig: Setting CVar [[r.EmitterSpawnRateScale:1.0]]
[2024.04.19-22.46.14:013][  0]LogConfig: Setting CVar [[r.ParticleLightQuality:2]]
[2024.04.19-22.46.14:013][  0]LogConfig: Applying CVar settings from Section [FoliageQuality@3] File [C:/Users/bruno/OneDrive/Documents/Unreal Projects/UnrealStickFigure2D/Saved/Config/Windows/Scalability.ini]
[2024.04.19-22.46.14:013][  0]LogConfig: Setting CVar [[foliage.DensityScale:1.0]]
[2024.04.19-22.46.14:013][  0]LogConfig: Setting CVar [[grass.DensityScale:1.0]]
[2024.04.19-22.46.14:013][  0]LogInit: Selected Device Profile: [Windows]
[2024.04.19-22.46.14:013][  0]LogInit: Applying CVar settings loaded from the selected device profile: [Windows]
[2024.04.19-22.46.14:017][  0]LogHAL: Display: Platform has ~ 8 GB [8455327744 / 8589934592 / 8], which maps to Default [LargestMinGB=32, LargerMinGB=12, DefaultMinGB=8, SmallerMinGB=6, SmallestMinGB=0)
[2024.04.19-22.46.14:017][  0]LogInit: Going up to parent DeviceProfile []
[2024.04.19-22.46.14:017][  0]LogConfig: Applying CVar settings from Section [ViewDistanceQuality@3] File [C:/Users/bruno/OneDrive/Documents/Unreal Projects/UnrealStickFigure2D/Saved/Config/Windows/Scalability.ini]
[2024.04.19-22.46.14:017][  0]LogConfig: Setting CVar [[r.SkeletalMeshLODBias:0]]
[2024.04.19-22.46.14:017][  0]LogConfig: Setting CVar [[r.ViewDistanceScale:1.0]]
[2024.04.19-22.46.14:017][  0]LogConfig: Applying CVar settings from Section [AntiAliasingQuality@3] File [C:/Users/bruno/OneDrive/Documents/Unreal Projects/UnrealStickFigure2D/Saved/Config/Windows/Scalability.ini]
[2024.04.19-22.46.14:017][  0]LogConfig: Setting CVar [[r.PostProcessAAQuality:4]]
[2024.04.19-22.46.14:017][  0]LogConfig: Applying CVar settings from Section [ShadowQuality@3] File [C:/Users/bruno/OneDrive/Documents/Unreal Projects/UnrealStickFigure2D/Saved/Config/Windows/Scalability.ini]
[2024.04.19-22.46.14:017][  0]LogConfig: Setting CVar [[r.LightFunctionQuality:1]]
[2024.04.19-22.46.14:017][  0]LogConfig: Setting CVar [[r.ShadowQuality:5]]
[2024.04.19-22.46.14:017][  0]LogConfig: Setting CVar [[r.Shadow.CSM.MaxCascades:10]]
[2024.04.19-22.46.14:017][  0]LogConfig: Setting CVar [[r.Shadow.MaxResolution:2048]]
[2024.04.19-22.46.14:017][  0]LogConfig: Setting CVar [[r.Shadow.MaxCSMResolution:2048]]
[2024.04.19-22.46.14:017][  0]LogConfig: Setting CVar [[r.Shadow.RadiusThreshold:0.01]]
[2024.04.19-22.46.14:017][  0]LogConfig: Setting CVar [[r.Shadow.DistanceScale:1.0]]
[2024.04.19-22.46.14:018][  0]LogConfig: Setting CVar [[r.Shadow.CSM.TransitionScale:1.0]]
[2024.04.19-22.46.14:018][  0]LogConfig: Setting CVar [[r.Shadow.PreShadowResolutionFactor:1.0]]
[2024.04.19-22.46.14:018][  0]LogConfig: Setting CVar [[r.DistanceFieldShadowing:1]]
[2024.04.19-22.46.14:018][  0]LogConfig: Setting CVar [[r.DistanceFieldAO:1]]
[2024.04.19-22.46.14:018][  0]LogConfig: Setting CVar [[r.AOQuality:2]]
[2024.04.19-22.46.14:018][  0]LogConfig: Setting CVar [[r.VolumetricFog:1]]
[2024.04.19-22.46.14:018][  0]LogConfig: Setting CVar [[r.VolumetricFog.GridPixelSize:8]]
[2024.04.19-22.46.14:018][  0]LogConfig: Setting CVar [[r.VolumetricFog.GridSizeZ:128]]
[2024.04.19-22.46.14:018][  0]LogConfig: Setting CVar [[r.VolumetricFog.HistoryMissSupersampleCount:4]]
[2024.04.19-22.46.14:018][  0]LogConfig: Setting CVar [[r.LightMaxDrawDistanceScale:1]]
[2024.04.19-22.46.14:018][  0]LogConfig: Setting CVar [[r.CapsuleShadows:1]]
[2024.04.19-22.46.14:018][  0]LogConfig: Applying CVar settings from Section [PostProcessQuality@3] File [C:/Users/bruno/OneDrive/Documents/Unreal Projects/UnrealStickFigure2D/Saved/Config/Windows/Scalability.ini]
[2024.04.19-22.46.14:018][  0]LogConfig: Setting CVar [[r.MotionBlurQuality:4]]
[2024.04.19-22.46.14:018][  0]LogConfig: Setting CVar [[r.AmbientOcclusionMipLevelFactor:0.4]]
[2024.04.19-22.46.14:018][  0]LogConfig: Setting CVar [[r.AmbientOcclusionMaxQuality:100]]
[2024.04.19-22.46.14:018][  0]LogConfig: Setting CVar [[r.AmbientOcclusionLevels:-1]]
[2024.04.19-22.46.14:018][  0]LogConfig: Setting CVar [[r.AmbientOcclusionRadiusScale:1.0]]
[2024.04.19-22.46.14:018][  0]LogConfig: Setting CVar [[r.DepthOfFieldQuality:2]]
[2024.04.19-22.46.14:018][  0]LogConfig: Setting CVar [[r.RenderTargetPoolMin:400]]
[2024.04.19-22.46.14:018][  0]LogConfig: Setting CVar [[r.LensFlareQuality:2]]
[2024.04.19-22.46.14:018][  0]LogConfig: Setting CVar [[r.SceneColorFringeQuality:1]]
[2024.04.19-22.46.14:018][  0]LogConfig: Setting CVar [[r.EyeAdaptationQuality:2]]
[2024.04.19-22.46.14:018][  0]LogConfig: Setting CVar [[r.BloomQuality:5]]
[2024.04.19-22.46.14:018][  0]LogConfig: Setting CVar [[r.FastBlurThreshold:100]]
[2024.04.19-22.46.14:018][  0]LogConfig: Setting CVar [[r.Upscale.Quality:3]]
[2024.04.19-22.46.14:018][  0]LogConfig: Setting CVar [[r.Tonemapper.GrainQuantization:1]]
[2024.04.19-22.46.14:018][  0]LogConfig: Setting CVar [[r.LightShaftQuality:1]]
[2024.04.19-22.46.14:018][  0]LogConfig: Setting CVar [[r.Filter.SizeScale:1]]
[2024.04.19-22.46.14:018][  0]LogConfig: Setting CVar [[r.Tonemapper.Quality:5]]
[2024.04.19-22.46.14:018][  0]LogConfig: Setting CVar [[r.DOF.Gather.AccumulatorQuality:1        ; higher gathering accumulator quality]]
[2024.04.19-22.46.14:018][  0]LogConfig: Setting CVar [[r.DOF.Gather.PostfilterMethod:1          ; Median3x3 postfilering method]]
[2024.04.19-22.46.14:018][  0]LogConfig: Setting CVar [[r.DOF.Gather.EnableBokehSettings:0       ; no bokeh simulation when gathering]]
[2024.04.19-22.46.14:018][  0]LogConfig: Setting CVar [[r.DOF.Gather.RingCount:4                 ; medium number of samples when gathering]]
[2024.04.19-22.46.14:018][  0]LogConfig: Setting CVar [[r.DOF.Scatter.ForegroundCompositing:1    ; additive foreground scattering]]
[2024.04.19-22.46.14:018][  0]LogConfig: Setting CVar [[r.DOF.Scatter.BackgroundCompositing:2    ; additive background scattering]]
[2024.04.19-22.46.14:018][  0]LogConfig: Setting CVar [[r.DOF.Scatter.EnableBokehSettings:1      ; bokeh simulation when scattering]]
[2024.04.19-22.46.14:018][  0]LogConfig: Setting CVar [[r.DOF.Scatter.MaxSpriteRatio:0.1         ; only a maximum of 10% of scattered bokeh]]
[2024.04.19-22.46.14:018][  0]LogConfig: Setting CVar [[r.DOF.Recombine.Quality:1                ; cheap slight out of focus]]
[2024.04.19-22.46.14:018][  0]LogConfig: Setting CVar [[r.DOF.Recombine.EnableBokehSettings:0    ; no bokeh simulation on slight out of focus]]
[2024.04.19-22.46.14:018][  0]LogConfig: Setting CVar [[r.DOF.TemporalAAQuality:1                ; more stable temporal accumulation]]
[2024.04.19-22.46.14:018][  0]LogConfig: Setting CVar [[r.DOF.Kernel.MaxForegroundRadius:0.025]]
[2024.04.19-22.46.14:018][  0]LogConfig: Setting CVar [[r.DOF.Kernel.MaxBackgroundRadius:0.025]]
[2024.04.19-22.46.14:019][  0]LogConfig: Applying CVar settings from Section [TextureQuality@3] File [C:/Users/bruno/OneDrive/Documents/Unreal Projects/UnrealStickFigure2D/Saved/Config/Windows/Scalability.ini]
[2024.04.19-22.46.14:019][  0]LogConfig: Setting CVar [[r.Streaming.MipBias:0]]
[2024.04.19-22.46.14:019][  0]LogConfig: Setting CVar [[r.Streaming.AmortizeCPUToGPUCopy:0]]
[2024.04.19-22.46.14:019][  0]LogConfig: Setting CVar [[r.Streaming.MaxNumTexturesToStreamPerFrame:0]]
[2024.04.19-22.46.14:019][  0]LogConfig: Setting CVar [[r.Streaming.Boost:1]]
[2024.04.19-22.46.14:019][  0]LogConfig: Setting CVar [[r.MaxAnisotropy:8]]
[2024.04.19-22.46.14:019][  0]LogConfig: Setting CVar [[r.Streaming.LimitPoolSizeToVRAM:0]]
[2024.04.19-22.46.14:019][  0]LogConfig: Setting CVar [[r.Streaming.PoolSize:1000]]
[2024.04.19-22.46.14:019][  0]LogConfig: Setting CVar [[r.Streaming.MaxEffectiveScreenSize:0]]
[2024.04.19-22.46.14:019][  0]LogConfig: Applying CVar settings from Section [EffectsQuality@3] File [C:/Users/bruno/OneDrive/Documents/Unreal Projects/UnrealStickFigure2D/Saved/Config/Windows/Scalability.ini]
[2024.04.19-22.46.14:019][  0]LogConfig: Setting CVar [[r.TranslucencyLightingVolumeDim:64]]
[2024.04.19-22.46.14:019][  0]LogConfig: Setting CVar [[r.RefractionQuality:2]]
[2024.04.19-22.46.14:019][  0]LogConfig: Setting CVar [[r.SSR.Quality:3]]
[2024.04.19-22.46.14:019][  0]LogConfig: Setting CVar [[r.SceneColorFormat:4]]
[2024.04.19-22.46.14:019][  0]LogConfig: Setting CVar [[r.DetailMode:2]]
[2024.04.19-22.46.14:019][  0]LogConfig: Setting CVar [[r.TranslucencyVolumeBlur:1]]
[2024.04.19-22.46.14:019][  0]LogConfig: Setting CVar [[r.MaterialQualityLevel:1 ; High quality]]
[2024.04.19-22.46.14:019][  0]LogConfig: Setting CVar [[r.SSS.Scale:1]]
[2024.04.19-22.46.14:019][  0]LogConfig: Setting CVar [[r.SSS.SampleSet:2]]
[2024.04.19-22.46.14:019][  0]LogConfig: Setting CVar [[r.SSS.Quality:1]]
[2024.04.19-22.46.14:019][  0]LogConfig: Setting CVar [[r.SSS.HalfRes:1]]
[2024.04.19-22.46.14:019][  0]LogConfig: Setting CVar [[r.EmitterSpawnRateScale:1.0]]
[2024.04.19-22.46.14:019][  0]LogConfig: Setting CVar [[r.ParticleLightQuality:2]]
[2024.04.19-22.46.14:019][  0]LogConfig: Applying CVar settings from Section [FoliageQuality@3] File [C:/Users/bruno/OneDrive/Documents/Unreal Projects/UnrealStickFigure2D/Saved/Config/Windows/Scalability.ini]
[2024.04.19-22.46.14:019][  0]LogConfig: Setting CVar [[foliage.DensityScale:1.0]]
[2024.04.19-22.46.14:019][  0]LogConfig: Setting CVar [[grass.DensityScale:1.0]]
[2024.04.19-22.46.14:019][  0]LogConfig: Applying CVar settings from Section [Startup] File [../../../Engine/Config/ConsoleVariables.ini]
[2024.04.19-22.46.14:019][  0]LogConfig: Setting CVar [[net.UseAdaptiveNetUpdateFrequency:0]]
[2024.04.19-22.46.14:019][  0]LogConfig: Setting CVar [[p.chaos.AllowCreatePhysxBodies:1]]
[2024.04.19-22.46.14:019][  0]LogConfig: Applying CVar settings from Section [ConsoleVariables] File [C:/Users/bruno/OneDrive/Documents/Unreal Projects/UnrealStickFigure2D/Saved/Config/Windows/Engine.ini]
[2024.04.19-22.46.14:019][  0]LogInit: Computer: DESKTOP-60FTFG5
[2024.04.19-22.46.14:020][  0]LogInit: User: bruno
[2024.04.19-22.46.14:020][  0]LogInit: CPU Page size=4096, Cores=2
[2024.04.19-22.46.14:020][  0]LogInit: High frequency timer resolution =10.000000 MHz
[2024.04.19-22.46.14:020][  0]LogMemory: Memory total: Physical=7.9GB (8GB approx)
[2024.04.19-22.46.14:020][  0]LogMemory: Platform Memory Stats for Windows
[2024.04.19-22.46.14:020][  0]LogMemory: Process Physical Memory: 100.02 MB used, 100.03 MB peak
[2024.04.19-22.46.14:020][  0]LogMemory: Process Virtual Memory: 97.71 MB used, 97.71 MB peak
[2024.04.19-22.46.14:020][  0]LogMemory: Physical Memory: 4978.86 MB used,  3084.77 MB free, 8063.63 MB total
[2024.04.19-22.46.14:020][  0]LogMemory: Virtual Memory: 4652.46 MB used,  134213072.00 MB free, 134217728.00 MB total
[2024.04.19-22.46.14:023][  0]LogWindows: WindowsPlatformFeatures enabled
[2024.04.19-22.46.14:052][  0]LogInit: Using OS detected language (en-GB).
[2024.04.19-22.46.14:052][  0]LogInit: Using OS detected locale (en-GB).
[2024.04.19-22.46.14:052][  0]LogTextLocalizationManager: No specific localization for 'en-GB' exists, so the 'en' localization will be used.
[2024.04.19-22.46.14:408][  0]LogInit: Setting process to per monitor DPI aware
[2024.04.19-22.46.14:497][  0]LogSlate: New Slate User Created.  User Index 0, Is Virtual User: 0
[2024.04.19-22.46.14:498][  0]LogSlate: Slate User Registered.  User Index 0, Is Virtual User: 0
[2024.04.19-22.46.14:966][  0]LogHMD: Failed to initialize OpenVR with code 110
[2024.04.19-22.46.14:966][  0]LogD3D11RHI: D3D11 adapters:
[2024.04.19-22.46.14:979][  0]LogD3D11RHI:    0. 'Intel(R) HD Graphics 520' (Feature Level 11_0)
[2024.04.19-22.46.14:979][  0]LogD3D11RHI:       128/0/4031 MB DedicatedVideo/DedicatedSystem/SharedSystem, Outputs:2, VendorId:0x8086
[2024.04.19-22.46.14:989][  0]LogD3D11RHI:    1. 'Intel(R) HD Graphics 520' (Feature Level 11_0)
[2024.04.19-22.46.14:989][  0]LogD3D11RHI:       128/0/4031 MB DedicatedVideo/DedicatedSystem/SharedSystem, Outputs:0, VendorId:0x8086
[2024.04.19-22.46.15:000][  0]LogD3D11RHI:    2. 'Intel(R) HD Graphics 520' (Feature Level 11_0)
[2024.04.19-22.46.15:000][  0]LogD3D11RHI:       128/0/4031 MB DedicatedVideo/DedicatedSystem/SharedSystem, Outputs:0, VendorId:0x8086
[2024.04.19-22.46.15:003][  0]LogD3D11RHI:    3. 'Microsoft Basic Render Driver' (Feature Level 11_0)
[2024.04.19-22.46.15:003][  0]LogD3D11RHI:       0/0/4031 MB DedicatedVideo/DedicatedSystem/SharedSystem, Outputs:0, VendorId:0x1414
[2024.04.19-22.46.15:004][  0]LogD3D11RHI: Chosen D3D11 Adapter: 0
[2024.04.19-22.46.15:013][  0]LogD3D11RHI: Creating new Direct3DDevice
[2024.04.19-22.46.15:013][  0]LogD3D11RHI:     GPU DeviceId: 0x1916 (for the marketing name, search the web for "GPU Device Id")
[2024.04.19-22.46.15:013][  0]LogWindows: EnumDisplayDevices:
[2024.04.19-22.46.15:013][  0]LogWindows:    0. 'Intel(R) HD Graphics 520' (P:1 D:1)
[2024.04.19-22.46.15:014][  0]LogWindows:    1. 'Intel(R) HD Graphics 520' (P:0 D:0)
[2024.04.19-22.46.15:015][  0]LogWindows:    2. 'Intel(R) HD Graphics 520' (P:0 D:0)
[2024.04.19-22.46.15:015][  0]LogWindows:    3. 'SuperDisplay Virtual Adapter' (P:0 D:0)
[2024.04.19-22.46.15:016][  0]LogWindows:    4. 'spacedesk Graphics Adapter' (P:0 D:1)
[2024.04.19-22.46.15:016][  0]LogWindows:    5. 'spacedesk Graphics Adapter' (P:0 D:0)
[2024.04.19-22.46.15:017][  0]LogWindows:    6. 'spacedesk Graphics Adapter' (P:0 D:0)
[2024.04.19-22.46.15:017][  0]LogWindows:    7. 'spacedesk Graphics Adapter' (P:0 D:0)
[2024.04.19-22.46.15:018][  0]LogWindows:    8. 'spacedesk Graphics Adapter' (P:0 D:0)
[2024.04.19-22.46.15:018][  0]LogWindows:    9. 'spacedesk Graphics Adapter' (P:0 D:0)
[2024.04.19-22.46.15:019][  0]LogWindows:    10. 'spacedesk Graphics Adapter' (P:0 D:0)
[2024.04.19-22.46.15:019][  0]LogWindows:    11. 'spacedesk Graphics Adapter' (P:0 D:0)
[2024.04.19-22.46.15:020][  0]LogWindows:    12. 'spacedesk Graphics Adapter' (P:0 D:0)
[2024.04.19-22.46.15:020][  0]LogWindows:    13. 'spacedesk Graphics Adapter' (P:0 D:0)
[2024.04.19-22.46.15:021][  0]LogWindows:    14. 'spacedesk Graphics Adapter' (P:0 D:0)
[2024.04.19-22.46.15:021][  0]LogWindows:    15. 'spacedesk Graphics Adapter' (P:0 D:0)
[2024.04.19-22.46.15:022][  0]LogWindows:    16. 'spacedesk Graphics Adapter' (P:0 D:0)
[2024.04.19-22.46.15:022][  0]LogWindows:    17. 'spacedesk Graphics Adapter' (P:0 D:0)
[2024.04.19-22.46.15:022][  0]LogWindows:    18. 'spacedesk Graphics Adapter' (P:0 D:0)
[2024.04.19-22.46.15:023][  0]LogWindows:    19. 'spacedesk Graphics Adapter' (P:0 D:0)
[2024.04.19-22.46.15:023][  0]LogWindows: DebugString: GetVideoDriverDetailsInvalid PrimaryIsNotTheChoosenAdapter GetVideoDriverDetailsInvalid PrimaryIsNotTheChoosenAdapter GetVideoDriverDetailsInvalid PrimaryIsNotTheChoosenAdapter GetVideoDriverDetailsInvalid PrimaryIsNotTheChoosenAdapter GetVideoDriverDetailsInvalid PrimaryIsNotTheChoosenAdapter GetVideoDriverDetailsInvalid PrimaryIsNotTheChoosenAdapter GetVideoDriverDetailsInvalid PrimaryIsNotTheChoosenAdapter GetVideoDriverDetailsInvalid PrimaryIsNotTheChoosenAdapter GetVideoDriverDetailsInvalid PrimaryIsNotTheChoosenAdapter GetVideoDriverDetailsInvalid PrimaryIsNotTheChoosenAdapter GetVideoDriverDetailsInvalid PrimaryIsNotTheChoosenAdapter GetVideoDriverDetailsInvalid PrimaryIsNotTheChoosenAdapter GetVideoDriverDetailsInvalid PrimaryIsNotTheChoosenAdapter GetVideoDriverDetailsInvalid PrimaryIsNotTheChoosenAdapter GetVideoDriverDetailsInvalid PrimaryIsNotTheChoosenAdapter GetVideoDriverDetailsInvalid PrimaryIsNotTheChoosenAdapter GetVideoDriverDetailsInvalid PrimaryIsNotTheChoosenAdapter FoundDriverCount:3 
[2024.04.19-22.46.15:023][  0]LogD3D11RHI:     Adapter Name: Intel(R) HD Graphics 520
[2024.04.19-22.46.15:023][  0]LogD3D11RHI:   Driver Version: 21.20.16.5174 (internal:21.20.16.5174, unified:21.20.16.5174)
[2024.04.19-22.46.15:023][  0]LogD3D11RHI:      Driver Date: 11-8-2020
[2024.04.19-22.46.15:023][  0]LogRHI: Texture pool is 1500 MB (70% of 2143 MB)
[2024.04.19-22.46.15:032][  0]LogD3D11RHI: Async texture creation enabled
[2024.04.19-22.46.15:045][  0]LogD3D11RHI: GPU Timing Frequency: 12.000000 (Debug: 2 0)
[2024.04.19-22.46.15:742][  0]LogTemp: Display: Module 'AllDesktopTargetPlatform' loaded TargetPlatform 'AllDesktop'
[2024.04.19-22.46.15:763][  0]LogTemp: Display: Module 'MacClientTargetPlatform' loaded TargetPlatform 'MacClient'
[2024.04.19-22.46.15:784][  0]LogTemp: Display: Module 'MacNoEditorTargetPlatform' loaded TargetPlatform 'MacNoEditor'
[2024.04.19-22.46.15:811][  0]LogTemp: Display: Module 'MacServerTargetPlatform' loaded TargetPlatform 'MacServer'
[2024.04.19-22.46.15:835][  0]LogTemp: Display: Module 'MacTargetPlatform' loaded TargetPlatform 'Mac'
[2024.04.19-22.46.15:856][  0]LogTemp: Display: Module 'WindowsClientTargetPlatform' loaded TargetPlatform 'WindowsClient'
[2024.04.19-22.46.15:876][  0]LogTemp: Display: Module 'WindowsNoEditorTargetPlatform' loaded TargetPlatform 'WindowsNoEditor'
[2024.04.19-22.46.15:900][  0]LogTemp: Display: Module 'WindowsServerTargetPlatform' loaded TargetPlatform 'WindowsServer'
[2024.04.19-22.46.15:910][  0]LogTemp: Display: Module 'WindowsTargetPlatform' loaded TargetPlatform 'Windows'
[2024.04.19-22.46.15:980][  0]LogTemp: Display: Module 'AndroidTargetPlatform' loaded TargetPlatform 'Android'
[2024.04.19-22.46.15:980][  0]LogTemp: Display: Module 'AndroidTargetPlatform' loaded TargetPlatform 'Android_ASTC'
[2024.04.19-22.46.15:980][  0]LogTemp: Display: Module 'AndroidTargetPlatform' loaded TargetPlatform 'Android_ATC'
[2024.04.19-22.46.15:980][  0]LogTemp: Display: Module 'AndroidTargetPlatform' loaded TargetPlatform 'Android_DXT'
[2024.04.19-22.46.15:980][  0]LogTemp: Display: Module 'AndroidTargetPlatform' loaded TargetPlatform 'Android_ETC1'
[2024.04.19-22.46.15:980][  0]LogTemp: Display: Module 'AndroidTargetPlatform' loaded TargetPlatform 'Android_ETC1a'
[2024.04.19-22.46.15:980][  0]LogTemp: Display: Module 'AndroidTargetPlatform' loaded TargetPlatform 'Android_ETC2'
[2024.04.19-22.46.15:980][  0]LogTemp: Display: Module 'AndroidTargetPlatform' loaded TargetPlatform 'Android_PVRTC'
[2024.04.19-22.46.15:980][  0]LogTemp: Display: Module 'AndroidTargetPlatform' loaded TargetPlatform 'AndroidClient'
[2024.04.19-22.46.15:980][  0]LogTemp: Display: Module 'AndroidTargetPlatform' loaded TargetPlatform 'Android_ASTCClient'
[2024.04.19-22.46.15:980][  0]LogTemp: Display: Module 'AndroidTargetPlatform' loaded TargetPlatform 'Android_ATCClient'
[2024.04.19-22.46.15:980][  0]LogTemp: Display: Module 'AndroidTargetPlatform' loaded TargetPlatform 'Android_DXTClient'
[2024.04.19-22.46.15:980][  0]LogTemp: Display: Module 'AndroidTargetPlatform' loaded TargetPlatform 'Android_ETC1Client'
[2024.04.19-22.46.15:980][  0]LogTemp: Display: Module 'AndroidTargetPlatform' loaded TargetPlatform 'Android_ETC1aClient'
[2024.04.19-22.46.15:980][  0]LogTemp: Display: Module 'AndroidTargetPlatform' loaded TargetPlatform 'Android_ETC2Client'
[2024.04.19-22.46.15:980][  0]LogTemp: Display: Module 'AndroidTargetPlatform' loaded TargetPlatform 'Android_PVRTCClient'
[2024.04.19-22.46.15:980][  0]LogTemp: Display: Module 'AndroidTargetPlatform' loaded TargetPlatform 'Android_Multi'
[2024.04.19-22.46.15:980][  0]LogTemp: Display: Module 'AndroidTargetPlatform' loaded TargetPlatform 'Android_MultiClient'
[2024.04.19-22.46.15:983][  0]LogTemp: Display: Module 'HTML5TargetPlatform' loaded TargetPlatform 'HTML5'
[2024.04.19-22.46.16:019][  0]LogTemp: Display: Module 'IOSTargetPlatform' loaded TargetPlatform 'IOSClient'
[2024.04.19-22.46.16:019][  0]LogTemp: Display: Module 'IOSTargetPlatform' loaded TargetPlatform 'IOS'
[2024.04.19-22.46.16:047][  0]LogTemp: Display: Module 'TVOSTargetPlatform' loaded TargetPlatform 'TVOSClient'
[2024.04.19-22.46.16:047][  0]LogTemp: Display: Module 'TVOSTargetPlatform' loaded TargetPlatform 'TVOS'
[2024.04.19-22.46.16:062][  0]LogTemp: Display: Module 'LinuxClientTargetPlatform' loaded TargetPlatform 'LinuxClient'
[2024.04.19-22.46.16:076][  0]LogTemp: Display: Module 'LinuxNoEditorTargetPlatform' loaded TargetPlatform 'LinuxNoEditor'
[2024.04.19-22.46.16:088][  0]LogTemp: Display: Module 'LinuxServerTargetPlatform' loaded TargetPlatform 'LinuxServer'
[2024.04.19-22.46.16:104][  0]LogTemp: Display: Module 'LinuxTargetPlatform' loaded TargetPlatform 'Linux'
[2024.04.19-22.46.16:155][  0]LogTemp: Display: Module 'LuminTargetPlatform' loaded TargetPlatform 'Lumin'
[2024.04.19-22.46.16:155][  0]LogTemp: Display: Module 'LuminTargetPlatform' loaded TargetPlatform 'LuminClient'
[2024.04.19-22.46.16:155][  0]LogTargetPlatformManager: Display: Building Assets For Windows
[2024.04.19-22.46.16:173][  0]LogAudioDebug: Display: Lib vorbis DLL was dynamically loaded.
[2024.04.19-22.46.16:273][  0]LogShaderCompilers: Guid format shader working directory is -37 characters bigger than the processId version (../../../../../../Users/bruno/OneDrive/Documents/Unreal Projects/UnrealStickFigure2D/Intermediate/Shaders/WorkingDirectory/632/).
[2024.04.19-22.46.16:273][  0]LogShaderCompilers: Cleaned the shader compiler working directory 'C:/Users/bruno/AppData/Local/Temp/UnrealShaderWorkingDir/49F588F24ECF1631A327EC9181D922BE/'.
[2024.04.19-22.46.16:277][  0]LogXGEController: Cannot use XGE Controller as Incredibuild is not installed on this machine.
[2024.04.19-22.46.16:277][  0]LogShaderCompilers: Cannot use XGE Shader Compiler as Incredibuild is not installed on this machine.
[2024.04.19-22.46.16:277][  0]LogShaderCompilers: Display: Using Local Shader Compiler.
[2024.04.19-22.46.17:422][  0]LogDerivedDataCache: Display: Max Cache Size: 512 MB
[2024.04.19-22.46.17:497][  0]LogDerivedDataCache: Loaded boot cache 0.07s 74MB C:/Users/bruno/AppData/Local/UnrealEngine/4.23/DerivedDataCache/Boot.ddc.
[2024.04.19-22.46.17:497][  0]LogDerivedDataCache: Display: Loaded Boot cache: C:/Users/bruno/AppData/Local/UnrealEngine/4.23/DerivedDataCache/Boot.ddc
[2024.04.19-22.46.17:497][  0]LogDerivedDataCache: FDerivedDataBackendGraph:  Pak pak cache file ../../../../../../Users/bruno/OneDrive/Documents/Unreal Projects/UnrealStickFigure2D/DerivedDataCache/DDC.ddp not found, will not use a pak cache.
[2024.04.19-22.46.17:497][  0]LogDerivedDataCache: Unable to find inner node Pak for hierarchical cache Hierarchy.
[2024.04.19-22.46.17:497][  0]LogDerivedDataCache: FDerivedDataBackendGraph:  CompressedPak pak cache file ../../../../../../Users/bruno/OneDrive/Documents/Unreal Projects/UnrealStickFigure2D/DerivedDataCache/Compressed.ddp not found, will not use a pak cache.
[2024.04.19-22.46.17:497][  0]LogDerivedDataCache: Unable to find inner node CompressedPak for hierarchical cache Hierarchy.
[2024.04.19-22.46.17:513][  0]LogDerivedDataCache: Display: Pak cache opened for reading ../../../Engine/DerivedDataCache/Compressed.ddp.
[2024.04.19-22.46.17:513][  0]LogDerivedDataCache: FDerivedDataBackendGraph:  EnterprisePak pak cache file ../../../Enterprise/DerivedDataCache/Compressed.ddp not found, will not use a pak cache.
[2024.04.19-22.46.17:514][  0]LogDerivedDataCache: Unable to find inner node EnterprisePak for hierarchical cache Hierarchy.
[2024.04.19-22.46.17:515][  0]LogDerivedDataCache: Using Local data cache path C:/Users/bruno/AppData/Local/UnrealEngine/Common/DerivedDataCache: Writable
[2024.04.19-22.46.17:515][  0]LogDerivedDataCache: Shared data cache path not found in *engine.ini, will not use an Shared cache.
[2024.04.19-22.46.17:515][  0]LogDerivedDataCache: Unable to find inner node Shared for hierarchical cache Hierarchy.
[2024.04.19-22.46.17:553][  0]LogMaterial: Verifying Global Shaders for PCD3D_SM5
[2024.04.19-22.46.17:558][  0]LogSlate: Using FreeType 2.6.0
[2024.04.19-22.46.17:558][  0]LogSlate: SlateFontServices - WITH_FREETYPE: 1, WITH_HARFBUZZ: 1
[2024.04.19-22.46.17:638][  0]LogAssetRegistry: FAssetRegistry took 0.0033 seconds to start up
[2024.04.19-22.46.18:123][  0]LogInit: Selected Device Profile: [Windows]
[2024.04.19-22.46.18:389][  0]LogMeshReduction: Using QuadricMeshReduction for automatic static mesh reduction
[2024.04.19-22.46.18:389][  0]LogMeshReduction: Using SimplygonMeshReduction for automatic skeletal mesh reduction
[2024.04.19-22.46.18:389][  0]LogMeshReduction: Using ProxyLODMeshReduction for automatic mesh merging
[2024.04.19-22.46.18:389][  0]LogMeshReduction: No distributed automatic mesh merging module available
[2024.04.19-22.46.18:389][  0]LogMeshMerging: No distributed automatic mesh merging module available
[2024.04.19-22.46.18:407][  0]LogNetVersion: UnrealStickFigure2D 1.0.0, NetCL: 8386587, EngineNetVer: 11, GameNetVer: 0 (Checksum: 2332156527)
[2024.04.19-22.46.19:340][  0]LogPackageLocalizationCache: Processed 12 localized package path(s) for 1 prioritized culture(s) in 0.121618 seconds
[2024.04.19-22.46.19:357][  0]LogUObjectArray: 43444 objects as part of root set at end of initial load.
[2024.04.19-22.46.19:357][  0]LogUObjectAllocator: 7548648 out of 0 bytes used by permanent object pool.
[2024.04.19-22.46.19:357][  0]LogUObjectArray: CloseDisregardForGC: 0/0 objects in disregard for GC pool
[2024.04.19-22.46.21:384][  0]LogTcpMessaging: Initializing TcpMessaging bridge
[2024.04.19-22.46.21:440][  0]LogUdpMessaging: Initializing bridge on interface 0.0.0.0:0 to multicast group 230.0.0.1:6666.
[2024.04.19-22.46.21:553][  0]SourceControl: Source control is disabled
[2024.04.19-22.46.21:553][  0]SourceControl: Source control is disabled
[2024.04.19-22.46.21:555][  0]SourceControl: Source control is disabled
[2024.04.19-22.46.21:557][  0]SourceControl: Source control is disabled
[2024.04.19-22.46.21:570][  0]LogVSAccessor: Display: Unable to create Visual Studio setup instance: 80040154
[2024.04.19-22.46.21:571][  0]LogVSAccessor: Display: Unable to create Visual Studio setup instance: 80040154
[2024.04.19-22.46.21:701][  0]LogAndroidPermission: UAndroidPermissionCallbackProxy::GetInstance
[2024.04.19-22.46.21:922][  0]LogOcInput: OculusInput pre-init called
[2024.04.19-22.46.21:931][  0]LogWindows: Failed to load 'OVRPlugin.dll' (GetLastError=126)
[2024.04.19-22.46.21:931][  0]LogWindows: File 'OVRPlugin.dll' does not exist
[2024.04.19-22.46.22:051][  0]LogEngine: Initializing Engine...
[2024.04.19-22.46.22:053][  0]LogHMD: Failed to initialize OpenVR with code 110
[2024.04.19-22.46.22:055][  0]LogStats: UGameplayTagsManager::InitializeManager -  0.001 s
[2024.04.19-22.46.22:498][  0]LogInit: Initializing FReadOnlyCVARCache
[2024.04.19-22.46.22:526][  0]LogAIModule: Creating AISystem for world Untitled
[2024.04.19-22.46.22:560][  0]LogInit: XAudio2 using 'Speakers (spacedesk virtual Speaker)' : 2 channels at 48 kHz using 16 bits per sample (channel mask 0x3)
[2024.04.19-22.46.22:602][  0]LogInit: FAudioDevice initialized.
[2024.04.19-22.46.22:602][  0]LogNetVersion: Set ProjectVersion to 1.0.0.0. Version Checksum will be recalculated on next use.
[2024.04.19-22.46.22:701][  0]LogDerivedDataCache: Saved boot cache 0.10s 74MB C:/Users/bruno/AppData/Local/UnrealEngine/4.23/DerivedDataCache/Boot.ddc.
[2024.04.19-22.46.22:710][  0]LogInit: Texture streaming: Enabled
[2024.04.19-22.46.22:751][  0]LogEngineSessionManager: EngineSessionManager initialized
[2024.04.19-22.46.22:751][  0]LogEditorSessionSummary: Verbose: Initializing EditorSessionSummaryWriter for editor session tracking
[2024.04.19-22.46.22:753][  0]LogEditorSessionSummary: EditorSessionSummaryWriter initialized
[2024.04.19-22.46.22:807][  0]LogInit: Transaction tracking system initialized
[2024.04.19-22.46.22:896][  0]BlueprintLog: New page: Editor Load
[2024.04.19-22.46.23:081][  0]LocalizationService: Localization service is disabled
[2024.04.19-22.46.23:308][  0]LogVSAccessor: Display: Unable to create Visual Studio setup instance: 80040154
[2024.04.19-22.46.23:309][  0]LogVSAccessor: Display: Unable to create Visual Studio setup instance: 80040154
[2024.04.19-22.46.23:698][  0]LogFileCache: Scanning file cache for directory 'C:/Users/bruno/OneDrive/Documents/Unreal Projects/UnrealStickFigure2D/Content/' took 0.02s
[2024.04.19-22.46.23:698][  0]LogCook: Display: Max memory allowance for cook 16384mb min free memory 0mb
[2024.04.19-22.46.23:698][  0]LogCook: Display: Mobile HDR setting 0
[2024.04.19-22.46.24:180][  0]SourceControl: Source control is disabled
[2024.04.19-22.46.24:180][  0]Cmd: MAP LOAD FILE="../../../../../../Users/bruno/OneDrive/Documents/Unreal Projects/UnrealStickFigure2D/Content/Maps/TrainingMap_1.umap" TEMPLATE=0 SHOWPROGRESS=1 FEATURELEVEL=3
[2024.04.19-22.46.24:181][  0]LightingResults: New page: Lighting Build
[2024.04.19-22.46.24:187][  0]LogWorld: UWorld::CleanupWorld for Untitled, bSessionEnded=true, bCleanupResources=true
[2024.04.19-22.46.24:187][  0]MapCheck: New page: Map Check
[2024.04.19-22.46.24:187][  0]LightingResults: New page: Lighting Build
[2024.04.19-22.46.24:231][  0]LogUObjectHash: Compacting FUObjectHashTables data took   4.97ms
[2024.04.19-22.46.25:671][  0]LogTexture: Display: Building textures: Blank_Sprite (AutoDXT, 256X256)
[2024.04.19-22.46.25:671][  0]LogTexture: Display: Building textures: Spawn_7 (AutoDXT, 256X256)
[2024.04.19-22.46.25:671][  0]LogTexture: Display: Building textures: Spawn_6 (AutoDXT, 256X256)
[2024.04.19-22.46.25:671][  0]LogTexture: Display: Building textures: Spawn_5 (AutoDXT, 256X256)
[2024.04.19-22.46.25:671][  0]LogTexture: Display: Building textures: Spawn_4 (AutoDXT, 256X256)
[2024.04.19-22.46.25:671][  0]LogTexture: Display: Building textures: Spawn_3 (AutoDXT, 256X256)
[2024.04.19-22.46.25:671][  0]LogTexture: Display: Building textures: Spawn_32 (AutoDXT, 256X256)
[2024.04.19-22.46.25:671][  0]LogTexture: Display: Building textures: Spawn_31 (AutoDXT, 256X256)
[2024.04.19-22.46.25:671][  0]LogTexture: Display: Building textures: Spawn_30 (AutoDXT, 256X256)
[2024.04.19-22.46.25:671][  0]LogTexture: Display: Building textures: Spawn_2 (AutoDXT, 256X256)
[2024.04.19-22.46.25:671][  0]LogTexture: Display: Building textures: Spawn_29 (AutoDXT, 256X256)
[2024.04.19-22.46.25:671][  0]LogTexture: Display: Building textures: Spawn_28 (AutoDXT, 256X256)
[2024.04.19-22.46.25:671][  0]LogTexture: Display: Building textures: Spawn_27 (AutoDXT, 256X256)
[2024.04.19-22.46.25:671][  0]LogTexture: Display: Building textures: Spawn_26 (AutoDXT, 256X256)
[2024.04.19-22.46.25:671][  0]LogTexture: Display: Building textures: Spawn_25 (AutoDXT, 256X256)
[2024.04.19-22.46.25:671][  0]LogTexture: Display: Building textures: Spawn_24 (AutoDXT, 256X256)
[2024.04.19-22.46.25:671][  0]LogTexture: Display: Building textures: Spawn_23 (AutoDXT, 256X256)
[2024.04.19-22.46.25:671][  0]LogTexture: Display: Building textures: Spawn_22 (AutoDXT, 256X256)
[2024.04.19-22.46.25:671][  0]LogTexture: Display: Building textures: Spawn_21 (AutoDXT, 256X256)
[2024.04.19-22.46.25:671][  0]LogTexture: Display: Building textures: Spawn_20 (AutoDXT, 256X256)
[2024.04.19-22.46.25:671][  0]LogTexture: Display: Building textures: Spawn_1 (AutoDXT, 256X256)
[2024.04.19-22.46.25:671][  0]LogTexture: Display: Building textures: Spawn_19 (AutoDXT, 256X256)
[2024.04.19-22.46.25:672][  0]LogTexture: Display: Building textures: Spawn_18 (AutoDXT, 256X256)
[2024.04.19-22.46.25:672][  0]LogTexture: Display: Building textures: Spawn_17 (AutoDXT, 256X256)
[2024.04.19-22.46.25:672][  0]LogTexture: Display: Building textures: Spawn_16 (AutoDXT, 256X256)
[2024.04.19-22.46.25:672][  0]LogTexture: Display: Building textures: Spawn_15 (AutoDXT, 256X256)
[2024.04.19-22.46.25:672][  0]LogTexture: Display: Building textures: Spawn_14 (AutoDXT, 256X256)
[2024.04.19-22.46.25:672][  0]LogTexture: Display: Building textures: Spawn_13 (AutoDXT, 256X256)
[2024.04.19-22.46.25:672][  0]LogTexture: Display: Building textures: Spawn_10 (AutoDXT, 256X256)
[2024.04.19-22.46.25:687][  0]LogTexture: Display: Building textures: Spawn_12 (AutoDXT, 256X256)
[2024.04.19-22.46.25:687][  0]LogTexture: Display: Building textures: Spawn_11 (AutoDXT, 256X256)
[2024.04.19-22.46.25:687][  0]LogTexture: Display: Building textures: RingyThingy (AutoDXT, 512X512)
[2024.04.19-22.46.25:688][  0]LogTexture: Display: Building textures: Spawn_8 (AutoDXT, 256X256)
[2024.04.19-22.46.25:851][  0]LogTexture: Display: Building textures: Landforms (AutoDXT, 512X512)
[2024.04.19-22.46.25:851][  0]LogTexture: Display: Building textures: Bluelines (BGRA8, 1X128)
[2024.04.19-22.46.25:852][  0]LogTexture: Display: Building textures: LevelPieces (AutoDXT, 1024X1024)
[2024.04.19-22.46.25:852][  0]LogStaticMesh: Building static mesh Pencil...
[2024.04.19-22.46.25:873][  0]LogStaticMesh: Built static mesh [0.02s] /Game/Meshes/Pencil.Pencil
[2024.04.19-22.46.28:244][  0]LogTexture: Display: Building textures: PaperBackground (AutoDXT, 2048X2048)
[2024.04.19-22.46.28:244][  0]LogTexture: Display: Building textures: PencilTipMask (AutoDXT, 512X512)
[2024.04.19-22.46.28:244][  0]LogTexture: Display: Building textures: PencilTipShadow (AutoDXT, 1024X1024)
[2024.04.19-22.46.28:244][  0]LogTexture: Display: Building textures: 2DCharacter_RunAnimAtlas (AutoDXT, 1024X1024)
[2024.04.19-22.46.28:244][  0]LogTexture: Display: Building textures: 2DCharacter_IdleAnimAtlas (AutoDXT, 1024X1024)
[2024.04.19-22.46.28:244][  0]LogTexture: Display: Building textures: Jumping (AutoDXT, 1024X1024)
[2024.04.19-22.46.28:244][  0]LogTexture: Display: Building textures: Death_6 (AutoDXT, 256X256)
[2024.04.19-22.46.28:244][  0]LogTexture: Display: Building textures: Death_5 (AutoDXT, 256X256)
[2024.04.19-22.46.28:244][  0]LogTexture: Display: Building textures: Death_4 (AutoDXT, 256X256)
[2024.04.19-22.46.28:244][  0]LogTexture: Display: Building textures: Death_9 (AutoDXT, 256X256)
[2024.04.19-22.46.28:244][  0]LogTexture: Display: Building textures: Death_8 (AutoDXT, 256X256)
[2024.04.19-22.46.28:244][  0]LogTexture: Display: Building textures: Death_7 (AutoDXT, 256X256)
[2024.04.19-22.46.28:244][  0]LogTexture: Display: Building textures: Death_3 (AutoDXT, 256X256)
[2024.04.19-22.46.28:244][  0]LogTexture: Display: Building textures: Death_2 (AutoDXT, 256X256)
[2024.04.19-22.46.28:244][  0]LogTexture: Display: Building textures: Death_27 (AutoDXT, 256X256)
[2024.04.19-22.46.28:245][  0]LogTexture: Display: Building textures: Death_26 (AutoDXT, 256X256)
[2024.04.19-22.46.28:245][  0]LogTexture: Display: Building textures: Death_25 (AutoDXT, 256X256)
[2024.04.19-22.46.28:245][  0]LogTexture: Display: Building textures: Death_24 (AutoDXT, 256X256)
[2024.04.19-22.46.28:245][  0]LogTexture: Display: Building textures: Death_23 (AutoDXT, 256X256)
[2024.04.19-22.46.28:245][  0]LogTexture: Display: Building textures: Death_22 (AutoDXT, 256X256)
[2024.04.19-22.46.28:245][  0]LogTexture: Display: Building textures: Death_21 (AutoDXT, 256X256)
[2024.04.19-22.46.28:245][  0]LogTexture: Display: Building textures: Death_20 (AutoDXT, 256X256)
[2024.04.19-22.46.28:245][  0]LogTexture: Display: Building textures: Death_1 (AutoDXT, 256X256)
[2024.04.19-22.46.28:245][  0]LogTexture: Display: Building textures: Death_19 (AutoDXT, 256X256)
[2024.04.19-22.46.28:245][  0]LogTexture: Display: Building textures: Death_18 (AutoDXT, 256X256)
[2024.04.19-22.46.28:245][  0]LogTexture: Display: Building textures: Death_17 (AutoDXT, 256X256)
[2024.04.19-22.46.28:245][  0]LogTexture: Display: Building textures: Death_16 (AutoDXT, 256X256)
[2024.04.19-22.46.28:245][  0]LogTexture: Display: Building textures: Death_15 (AutoDXT, 256X256)
[2024.04.19-22.46.28:245][  0]LogTexture: Display: Building textures: Death_14 (AutoDXT, 256X256)
[2024.04.19-22.46.28:245][  0]LogTexture: Display: Building textures: Death_13 (AutoDXT, 256X256)
[2024.04.19-22.46.28:245][  0]LogTexture: Display: Building textures: Death_12 (AutoDXT, 256X256)
[2024.04.19-22.46.28:245][  0]LogTexture: Display: Building textures: Death_11 (AutoDXT, 256X256)
[2024.04.19-22.46.28:245][  0]LogTexture: Display: Building textures: Death_10 (AutoDXT, 256X256)
[2024.04.19-22.46.28:245][  0]LogTexture: Display: Building textures: CrouchCrawl (AutoDXT, 1024X1024)
[2024.04.19-22.46.28:245][  0]LogTexture: Display: Building textures: Fireball_3 (AutoDXT, 128X128)
[2024.04.19-22.46.28:245][  0]LogMaterial: Display: Missing cached shader map for material PaperBackground, compiling. 
[2024.04.19-22.46.28:794][  0]LogTexture: Display: Building textures: Fireball_2 (AutoDXT, 128X128)
[2024.04.19-22.46.28:794][  0]LogShaderCompilers: Display: Worker (1/3): shaders left to compile 10
[2024.04.19-22.46.28:794][  0]LogShaderCompilers: Display: Worker (2/3): shaders left to compile 6
[2024.04.19-22.46.28:794][  0]LogShaderCompilers: Display: Worker (3/3): shaders left to compile 2
[2024.04.19-22.46.28:794][  0]LogTexture: Display: Building textures: Fireball_1 (AutoDXT, 128X128)
[2024.04.19-22.46.28:794][  0]LogTexture: Display: Building textures: EraserShavings (AutoDXT, 32X32)
[2024.04.19-22.46.28:794][  0]LogTexture: Display: Building textures: BaseEnemy (AutoDXT, 256X256)
[2024.04.19-22.46.28:794][  0]LogTexture: Display: Building textures: PencilTextureMask (AutoDXT, 512X512)
[2024.04.19-22.46.28:795][  0]LogTexture: Display: Building textures: PencilShadow (AutoDXT, 1024X1024)
[2024.04.19-22.46.28:795][  0]LogTexture: Display: Building textures: Spawn_9 (AutoDXT, 256X256)
[2024.04.19-22.46.28:795][  0]LogMaterial: Display: Missing cached shader map for material PencilTipMat, compiling. 
[2024.04.19-22.46.28:812][  0]LogStaticMesh: Building static mesh PencilTip...
[2024.04.19-22.46.28:816][  0]LogStaticMesh: Built static mesh [0.00s] /Game/Meshes/PencilTip.PencilTip
[2024.04.19-22.46.28:824][  0]LogMaterial: Display: Missing cached shader map for material PencilShavingsMat, compiling. 
[2024.04.19-22.46.32:763][  0]LogShaderCompilers: Display: Worker (3/3): shaders left to compile 59
[2024.04.19-22.46.32:763][  0]LogShaderCompilers: Display: Worker (1/3): shaders left to compile 49
[2024.04.19-22.46.32:763][  0]LogMaterial: Display: Missing cached shader map for material CharacterSpriteMaterial, compiling. 
[2024.04.19-22.46.32:848][  0]LogMaterial: Display: Missing cached shader map for material FireballTrailMat, compiling. 
[2024.04.19-22.46.32:898][  0]LogMaterial: Display: Missing cached shader map for material PencilEraserMat, compiling. 
[2024.04.19-22.46.33:003][  0]LogAIModule: Creating AISystem for world TrainingMap_1
[2024.04.19-22.46.33:314][  0]LogEditorServer: Finished looking for orphan Actors (0.000 secs)
[2024.04.19-22.46.36:465][  0]LogShaderCompilers: Display: Worker (2/3): shaders left to compile 97
[2024.04.19-22.46.36:480][  0]LogShaderCompilers: Display: Worker (3/3): shaders left to compile 87
[2024.04.19-22.46.36:480][  0]LogUObjectHash: Compacting FUObjectHashTables data took   5.29ms
[2024.04.19-22.46.36:482][  0]Cmd: MAP CHECKDEP NOCLEARLOG
[2024.04.19-22.46.36:482][  0]MapCheck: Map check complete: 0 Error(s), 0 Warning(s), took 0.359ms to complete.
[2024.04.19-22.46.36:482][  0]LogFileHelpers: Loading map 'TrainingMap_1' took 12.302
[2024.04.19-22.46.36:700][  0]LogSlate: Updating window title bar state: overlay mode, drag disabled, window buttons hidden, title bar hidden
[2024.04.19-22.46.36:724][  0]LogSlate: Updating window title bar state: overlay mode, drag disabled, window buttons hidden, title bar hidden
[2024.04.19-22.46.36:741][  0]LogSlate: Updating window title bar state: overlay mode, drag disabled, window buttons hidden, title bar hidden
[2024.04.19-22.46.36:763][  0]LogSlate: Updating window title bar state: overlay mode, drag disabled, window buttons hidden, title bar hidden
[2024.04.19-22.46.36:792][  0]LogCollectionManager: Loaded 0 collections in 0.004240 seconds
[2024.04.19-22.46.36:814][  0]LogFileCache: Scanning file cache for directory 'C:/Users/bruno/OneDrive/Documents/Unreal Projects/UnrealStickFigure2D/Saved/Collections/' took 0.00s
[2024.04.19-22.46.36:814][  0]LogFileCache: Scanning file cache for directory 'C:/Users/bruno/OneDrive/Documents/Unreal Projects/UnrealStickFigure2D/Content/Developers/bruno/Collections/' took 0.00s
[2024.04.19-22.46.36:814][  0]LogFileCache: Scanning file cache for directory 'C:/Users/bruno/OneDrive/Documents/Unreal Projects/UnrealStickFigure2D/Content/Collections/' took 0.00s
[2024.04.19-22.46.36:814][  0]LogCollectionManager: Rebuilt the GUID cache for 0 collections in 0.000004 seconds
[2024.04.19-22.46.36:834][  0]LogContentBrowser: Native class hierarchy populated in 0.0193 seconds. Added 2863 classes and 680 folders.
[2024.04.19-22.46.36:857][  0]LogContentBrowser: Native class hierarchy updated for 'WidgetCarousel' in 0.0004 seconds. Added 0 classes and 0 folders.
[2024.04.19-22.46.37:567][  0]LogContentBrowser: Native class hierarchy updated for 'AddContentDialog' in 0.0004 seconds. Added 0 classes and 0 folders.
[2024.04.19-22.46.37:588][  0]LogContentBrowser: Native class hierarchy updated for 'SceneOutliner' in 0.0004 seconds. Added 1 classes and 2 folders.
[2024.04.19-22.46.37:642][  0]LogSlate: Took 0.000243 seconds to synchronously load lazily loaded font '../../../Engine/Content/Slate/Fonts/Roboto-Regular.ttf' (155K)
[2024.04.19-22.46.37:646][  0]LogSlate: Took 0.000266 seconds to synchronously load lazily loaded font '../../../Engine/Content/Slate/Fonts/Roboto-Bold.ttf' (160K)
[2024.04.19-22.46.37:675][  0]LogSlate: Took 0.015916 seconds to synchronously load lazily loaded font '../../../Engine/Content/Editor/Slate/Fonts/FontAwesome.ttf' (139K)
[2024.04.19-22.46.38:050][  0]LogRenderer: Reallocating scene render targets to support 856x372 Format 10 NumSamples 1 (Frame:1).
[2024.04.19-22.46.53:027][  0]LogShaderCompilers: Display: Worker (2/3): shaders left to compile 77
[2024.04.19-22.46.53:027][  0]LogShaderCompilers: Display: Worker (1/3): shaders left to compile 67
[2024.04.19-22.46.53:027][  0]LogShaderCompilers: Display: Worker (2/3): shaders left to compile 57
[2024.04.19-22.46.53:027][  0]LogShaderCompilers: Display: Worker (3/3): shaders left to compile 47
[2024.04.19-22.46.53:027][  0]LogShaderCompilers: Display: Worker (2/3): shaders left to compile 37
[2024.04.19-22.46.53:027][  0]LogShaderCompilers: Display: Worker (1/3): shaders left to compile 27
[2024.04.19-22.46.53:027][  0]LogShaderCompilers: Display: Worker (3/3): shaders left to compile 17
[2024.04.19-22.46.53:027][  0]LogShaderCompilers: Display: Worker (1/3): shaders left to compile 11
[2024.04.19-22.46.53:027][  0]LogShaderCompilers: Display: Worker (2/3): shaders left to compile 7
[2024.04.19-22.46.53:027][  0]LogShaderCompilers: Display: Worker (2/3): shaders left to compile 4
[2024.04.19-22.46.53:027][  0]LogShaderCompilers: Display: Worker (3/3): shaders left to compile 2
[2024.04.19-22.46.53:027][  0]LogSlate: FSceneViewport::OnFocusLost() reason 5
[2024.04.19-22.46.53:065][  0]LogSlate: Window 'Tutorials' being destroyed
[2024.04.19-22.46.53:101][  0]LogContentBrowser: Native class hierarchy updated for 'HierarchicalLODOutliner' in 0.0009 seconds. Added 0 classes and 0 folders.
[2024.04.19-22.46.53:101][  0]LogLoad: (Engine Initialization) Total time: 40.93 seconds
[2024.04.19-22.46.53:101][  0]LogLoad: (Engine Initialization) Total Blueprint compile time: 0.00 seconds
[2024.04.19-22.46.53:117][  0]LogSlate: FSceneViewport::OnFocusLost() reason 0
[2024.04.19-22.46.53:180][  0]LogContentStreaming: Texture pool size now 1000 MB
[2024.04.19-22.46.53:239][  0]LogSlate: Took 0.011249 seconds to synchronously load lazily loaded font '../../../Engine/Content/Slate/Fonts/Roboto-Light.ttf' (167K)
[2024.04.19-22.46.53:295][  1]LogAssetRegistry: Asset discovery search completed in 35.6587 seconds
[2024.04.19-22.46.53:303][  1]LogCollectionManager: Rebuilt the object cache for 0 collections in 0.000007 seconds (found 0 objects)
[2024.04.19-22.46.53:304][  1]LogCollectionManager: Fixed up redirectors for 0 collections in 0.000108 seconds (updated 0 objects)
[2024.04.19-22.46.58:240][ 39]LogTemp: Repeating last play command: Selected Viewport
[2024.04.19-22.46.58:252][ 39]LogFileCache: Retrieving MD5 hashes for directory 'C:/Users/bruno/OneDrive/Documents/Unreal Projects/UnrealStickFigure2D/Content/' took 5.13s
[2024.04.19-22.46.58:257][ 39]LogBlueprintUserMessages: Early PlayInEditor Detection: Level '/Game/Maps/TrainingMap_1.TrainingMap_1:PersistentLevel' has LevelScriptBlueprint '/Game/Maps/TrainingMap_1.TrainingMap_1:PersistentLevel.TrainingMap_1' with GeneratedClass '/Game/Maps/TrainingMap_1.TrainingMap_C' with ClassGeneratedBy '/Game/Maps/TrainingMap_1.TrainingMap_1:PersistentLevel.TrainingMap_1'
[2024.04.19-22.46.58:257][ 39]LogPlayLevel: PlayLevel: No blueprints needed recompiling
[2024.04.19-22.46.58:261][ 39]PIE: New page: PIE session: TrainingMap_1 (20 Apr 2024 00:46:58)
[2024.04.19-22.46.58:263][ 39]LogOnline: OSS: Creating online subsystem instance for: NULL
[2024.04.19-22.46.58:266][ 39]LogPlayLevel: Creating play world package: /Game/Maps/UEDPIE_0_TrainingMap_1
[2024.04.19-22.46.58:331][ 39]LogPlayLevel: PIE: StaticDuplicateObject took: (0.065684s)
[2024.04.19-22.46.58:333][ 39]LogAIModule: Creating AISystem for world TrainingMap_1
[2024.04.19-22.46.58:334][ 39]LogPlayLevel: PIE: World Init took: (0.002392s)
[2024.04.19-22.46.58:334][ 39]LogPlayLevel: PIE: Created PIE world by copying editor world from /Game/Maps/TrainingMap_1.TrainingMap_1 to /Game/Maps/UEDPIE_0_TrainingMap_1.TrainingMap_1 (0.068598s)
[2024.04.19-22.46.58:375][ 39]LogUObjectHash: Compacting FUObjectHashTables data took   2.96ms
[2024.04.19-22.46.58:392][ 39]LogInit: XAudio2 using 'Speakers (spacedesk virtual Speaker)' : 2 channels at 48 kHz using 16 bits per sample (channel mask 0x3)
[2024.04.19-22.46.58:407][ 39]LogInit: FAudioDevice initialized.
[2024.04.19-22.46.58:421][ 39]LogLoad: Game class is '2DSideScrollerGameMode_C'
[2024.04.19-22.46.58:440][ 39]LogWorld: Bringing World /Game/Maps/UEDPIE_0_TrainingMap_1.TrainingMap_1 up for play (max tick rate 0) at 2024.04.19-23.46.58
[2024.04.19-22.46.58:445][ 39]LogWorld: Bringing up level for play took: 0.017893
[2024.04.19-22.46.58:446][ 39]LogOnline: OSS: Creating online subsystem instance for: :Context_1
[2024.04.19-22.46.58:463][ 39]LogContentBrowser: Native class hierarchy updated for 'MovieSceneCapture' in 0.0007 seconds. Added 20 classes and 0 folders.
[2024.04.19-22.46.58:463][ 39]LogGameMode: Display: Match State Changed from EnteringMap to WaitingToStart
[2024.04.19-22.46.58:463][ 39]LogGameState: Match State Changed from EnteringMap to WaitingToStart
[2024.04.19-22.46.58:463][ 39]LogGameMode: Display: Match State Changed from WaitingToStart to InProgress
[2024.04.19-22.46.58:468][ 39]LogGameState: Match State Changed from WaitingToStart to InProgress
[2024.04.19-22.46.58:468][ 39]PIE: Play in editor start time for /Game/Maps/UEDPIE_0_TrainingMap_1 0.106
[2024.04.19-22.46.58:468][ 39]LogBlueprintUserMessages: Late PlayInEditor Detection: Level '/Game/Maps/TrainingMap_1.TrainingMap_1:PersistentLevel' has LevelScriptBlueprint '/Game/Maps/TrainingMap_1.TrainingMap_1:PersistentLevel.TrainingMap_1' with GeneratedClass '/Game/Maps/TrainingMap_1.TrainingMap_C' with ClassGeneratedBy '/Game/Maps/TrainingMap_1.TrainingMap_1:PersistentLevel.TrainingMap_1'
[2024.04.19-22.48.22:725][758]LogBlueprintUserMessages: Early EndPlayMap Detection: Level '/Game/Maps/TrainingMap_1.TrainingMap_1:PersistentLevel' has LevelScriptBlueprint '/Game/Maps/TrainingMap_1.TrainingMap_1:PersistentLevel.TrainingMap_1' with GeneratedClass '/Game/Maps/TrainingMap_1.TrainingMap_C' with ClassGeneratedBy '/Game/Maps/TrainingMap_1.TrainingMap_1:PersistentLevel.TrainingMap_1'
[2024.04.19-22.48.22:727][758]LogSlate: Updating window title bar state: overlay mode, drag disabled, window buttons hidden, title bar hidden
[2024.04.19-22.48.22:727][758]LogWorld: BeginTearingDown for /Game/Maps/UEDPIE_0_TrainingMap_1
[2024.04.19-22.48.22:729][758]LogWorld: UWorld::CleanupWorld for TrainingMap_1, bSessionEnded=true, bCleanupResources=true
[2024.04.19-22.48.22:808][758]LogPlayLevel: Display: Shutting down PIE online subsystems
[2024.04.19-22.48.22:809][758]LogBlueprintUserMessages: Late EndPlayMap Detection: Level '/Game/Maps/TrainingMap_1.TrainingMap_1:PersistentLevel' has LevelScriptBlueprint '/Game/Maps/TrainingMap_1.TrainingMap_1:PersistentLevel.TrainingMap_1' with GeneratedClass '/Game/Maps/TrainingMap_1.TrainingMap_C' with ClassGeneratedBy '/Game/Maps/TrainingMap_1.TrainingMap_1:PersistentLevel.TrainingMap_1'
[2024.04.19-22.48.22:860][758]LogSlate: Updating window title bar state: overlay mode, drag disabled, window buttons hidden, title bar hidden
[2024.04.19-22.48.22:866][758]LogUObjectHash: Compacting FUObjectHashTables data took   2.75ms
[2024.04.19-22.48.23:009][759]LogPlayLevel: Display: Destroying online subsystem :Context_1
[2024.04.19-22.48.27:490][833]LogEditorViewport: Clicking on Actor (LMB): LevelStructure_C (LevelStructure23)
[2024.04.19-22.48.29:613][849]LogEditorViewport: Clicking on Actor (LMB): PaperSpriteActor (Background_Paper2)
[2024.04.19-22.48.30:690][858]LogEditorViewport: Clicking on Actor (LMB): PaperSpriteActor (Background_Paper)
[2024.04.19-22.48.31:637][872]LogEditorViewport: Clicking on Actor (LMB): PaperSpriteActor (Background_Paper3)
[2024.04.19-22.48.32:846][889]LogEditorViewport: Clicking on Actor (LMB): PaperSpriteActor (Background_Paper4)
[2024.04.19-22.48.34:129][907]LogEditorViewport: Clicking on Actor (LMB): PaperSpriteActor (Background_Paper3)
[2024.04.19-22.48.34:767][914]LogEditorViewport: Clicking Background
[2024.04.19-22.48.39:279][989]LogSlate: FSceneViewport::OnFocusLost() reason 0
[2024.04.19-22.53.59:138][907]LogSlate: Window 'Tutorials' being destroyed
[2024.04.19-22.54.00:991][929]LogEditorViewport: Clicking on Actor (LMB): PaperSpriteActor (Background_Paper2)
[2024.04.19-22.54.02:350][937]LogSlate: FSceneViewport::OnFocusLost() reason 2
[2024.04.19-22.54.03:930][960]LogEditorViewport: Clicking on Actor (LMB): PaperSpriteActor (Background_Paper2)
[2024.04.19-22.54.04:968][972]LogSlate: FSceneViewport::OnFocusLost() reason 0
[2024.04.19-22.54.13:397][ 96]LogUObjectGlobals: Warning: Failed to find object 'Object None.ActorDetails'
[2024.04.19-22.54.22:200][220]LogSlate: Window 'Tutorials' being destroyed
[2024.04.19-22.54.22:275][220]LogSlate: Window 'Tutorials' being destroyed
[2024.04.19-22.56.54:718][765]LogEditorSessionSummary: EditorSessionSummary sent report. Type=Shutdown, SessionId={B04110E1-4655-40FA-A3B6-B48EEA096B25}
[2024.04.19-22.58.08:955][985]LogSlate: Took 0.000348 seconds to synchronously load lazily loaded font '../../../Engine/Content/Slate/Fonts/Roboto-Light.ttf' (167K)
[2024.04.19-23.29.56:586][651]LogD3D11RHI: Timed out while waiting for GPU to catch up. (0.5 s) (ErrorCode 00000001)
[2024.04.20-00.00.03:980][ 37]LogD3D11RHI: Timed out while waiting for GPU to catch up. (0.5 s) (ErrorCode 00000001)
[2024.04.20-00.16.09:950][919]LogD3D11RHI: Timed out while waiting for GPU to catch up. (0.5 s) (ErrorCode 00000001)
[2024.04.20-00.20.06:079][623]LogD3D11RHI: Timed out while waiting for GPU to catch up. (0.5 s) (ErrorCode 00000001)
